{"name":"Registro exitoso","id":"regristro-en-la-aplicación;registro-exitoso","testSteps":[{"number":1,"description":"Given que Lucero quiere ingresar a la pagina principal Utest","duration":66330,"startTime":"2022-03-05T21:48:56.957736600-05:00[America/Bogota]","screenshots":[{"screenshot":"e2ea53d5bcfc08b7210cd1de51321c1c32ec758f146a976816062446a2ab2ac3.png","timeStamp":1646535003288}],"result":"SUCCESS","precondition":false,"level":0,"lineNumber":0,"children":[{"number":2,"description":"Lucero open up","duration":63761,"startTime":"2022-03-05T21:48:59.019399200-05:00[America/Bogota]","screenshots":[{"screenshot":"e2ea53d5bcfc08b7210cd1de51321c1c32ec758f146a976816062446a2ab2ac3.png","timeStamp":1646535002781}],"result":"SUCCESS","precondition":false,"level":1,"lineNumber":0,"children":[{"number":3,"description":"Lucero opens the Utest page","duration":63216,"startTime":"2022-03-05T21:48:59.058874300-05:00[America/Bogota]","screenshots":[{"screenshot":"e2ea53d5bcfc08b7210cd1de51321c1c32ec758f146a976816062446a2ab2ac3.png","timeStamp":1646535002258}],"result":"SUCCESS","precondition":false,"level":2,"lineNumber":0}]}]},{"number":4,"description":"When ingresa todos las credenciales validas","duration":35492,"startTime":"2022-03-05T21:50:03.296692200-05:00[America/Bogota]","exception":{"errorType":"net.thucydides.core.webdriver.exceptions.ElementShouldBeEnabledException","message":"Expected enabled element was not enabled","stackTrace":[{"classLoaderName":"app","declaringClass":"automatizacion.tasks.Register","methodName":"performAs","fileName":"Register.java","lineNumber":18,"format":1},{"classLoaderName":"app","declaringClass":"automatizacion.stepdefinitions.RegisterStepDefinition","methodName":"ingresaTodosLasCredencialesValidas","fileName":"RegisterStepDefinition.java","lineNumber":27,"format":1},{"classLoaderName":"app","declaringClass":"cucumber.runner.Runner","methodName":"runPickle","fileName":"Runner.java","lineNumber":80,"format":1}],"rootCause":{"errorType":"org.openqa.selenium.TimeoutException","message":"Expected condition failed: waiting for By.xpath: //*[@id\u003d\"regs_container\"]/div/div[2]/div/div[2]/div/div[2]/div to be enabled (tried for 5 second(s) with 100 milliseconds interval)","stackTrace":[{"classLoaderName":"app","declaringClass":"automatizacion.tasks.Register","methodName":"performAs","fileName":"Register.java","lineNumber":18,"format":1},{"classLoaderName":"app","declaringClass":"automatizacion.stepdefinitions.RegisterStepDefinition","methodName":"ingresaTodosLasCredencialesValidas","fileName":"RegisterStepDefinition.java","lineNumber":27,"format":1},{"classLoaderName":"app","declaringClass":"cucumber.runner.Runner","methodName":"runPickle","fileName":"Runner.java","lineNumber":80,"format":1}],"rootCause":{"errorType":"org.openqa.selenium.NoSuchElementException","message":"no such element: Unable to locate element: {\"method\":\"xpath\",\"selector\":\"//*[@id\u003d\"regs_container\"]/div/div[2]/div/div[2]/div/div[2]/div\"}\n  (Session info: chrome\u003d99.0.4844.51)\nFor documentation on this error, please visit: https://www.seleniumhq.org/exceptions/no_such_element.html\nBuild info: version: \u00273.141.59\u0027, revision: \u0027e82be7d358\u0027, time: \u00272018-11-14T08:17:03\u0027\nSystem info: host: \u0027DESKTOP-619IS6N\u0027, ip: \u0027192.168.0.102\u0027, os.name: \u0027Windows 10\u0027, os.arch: \u0027amd64\u0027, os.version: \u002710.0\u0027, java.version: \u002711.0.4\u0027\nDriver info: org.openqa.selenium.chrome.ChromeDriver\nCapabilities {acceptInsecureCerts: false, browserName: chrome, browserVersion: 99.0.4844.51, chrome: {chromedriverVersion: 98.0.4758.102 (273bf7ac8c90..., userDataDir: C:\\Users\\ADMINI~1\\AppData\\L...}, goog:chromeOptions: {debuggerAddress: localhost:60258}, javascriptEnabled: true, networkConnectionEnabled: false, pageLoadStrategy: normal, platform: WINDOWS, platformName: WINDOWS, proxy: Proxy(), setWindowRect: true, strictFileInteractability: false, timeouts: {implicit: 0, pageLoad: 300000, script: 30000}, unhandledPromptBehavior: dismiss and notify, webauthn:extension:credBlob: true, webauthn:extension:largeBlob: true, webauthn:virtualAuthenticators: true}\nSession ID: 21f3b64182dbf9d90304f795e0d9f42a\n*** Element info: {Using\u003dxpath, value\u003d//*[@id\u003d\"regs_container\"]/div/div[2]/div/div[2]/div/div[2]/div}","stackTrace":[{"classLoaderName":"app","declaringClass":"automatizacion.tasks.Register","methodName":"performAs","fileName":"Register.java","lineNumber":18,"format":1},{"classLoaderName":"app","declaringClass":"automatizacion.stepdefinitions.RegisterStepDefinition","methodName":"ingresaTodosLasCredencialesValidas","fileName":"RegisterStepDefinition.java","lineNumber":27,"format":1},{"classLoaderName":"app","declaringClass":"cucumber.runner.Runner","methodName":"runPickle","fileName":"Runner.java","lineNumber":80,"format":1}]}}},"result":"FAILURE","precondition":false,"level":0,"lineNumber":0,"children":[{"number":5,"description":"Lucero register","duration":35329,"startTime":"2022-03-05T21:50:03.428780-05:00[America/Bogota]","exception":{"errorType":"net.thucydides.core.webdriver.exceptions.ElementShouldBeEnabledException","message":"Expected enabled element was not enabled","stackTrace":[{"classLoaderName":"app","declaringClass":"automatizacion.tasks.Register","methodName":"performAs","fileName":"Register.java","lineNumber":18,"format":1},{"classLoaderName":"app","declaringClass":"automatizacion.stepdefinitions.RegisterStepDefinition","methodName":"ingresaTodosLasCredencialesValidas","fileName":"RegisterStepDefinition.java","lineNumber":27,"format":1},{"classLoaderName":"app","declaringClass":"cucumber.runner.Runner","methodName":"runPickle","fileName":"Runner.java","lineNumber":80,"format":1}],"rootCause":{"errorType":"org.openqa.selenium.TimeoutException","message":"Expected condition failed: waiting for By.xpath: //*[@id\u003d\"regs_container\"]/div/div[2]/div/div[2]/div/div[2]/div to be enabled (tried for 5 second(s) with 100 milliseconds interval)","stackTrace":[{"classLoaderName":"app","declaringClass":"automatizacion.tasks.Register","methodName":"performAs","fileName":"Register.java","lineNumber":18,"format":1},{"classLoaderName":"app","declaringClass":"automatizacion.stepdefinitions.RegisterStepDefinition","methodName":"ingresaTodosLasCredencialesValidas","fileName":"RegisterStepDefinition.java","lineNumber":27,"format":1},{"classLoaderName":"app","declaringClass":"cucumber.runner.Runner","methodName":"runPickle","fileName":"Runner.java","lineNumber":80,"format":1}],"rootCause":{"errorType":"org.openqa.selenium.NoSuchElementException","message":"no such element: Unable to locate element: {\"method\":\"xpath\",\"selector\":\"//*[@id\u003d\"regs_container\"]/div/div[2]/div/div[2]/div/div[2]/div\"}\n  (Session info: chrome\u003d99.0.4844.51)\nFor documentation on this error, please visit: https://www.seleniumhq.org/exceptions/no_such_element.html\nBuild info: version: \u00273.141.59\u0027, revision: \u0027e82be7d358\u0027, time: \u00272018-11-14T08:17:03\u0027\nSystem info: host: \u0027DESKTOP-619IS6N\u0027, ip: \u0027192.168.0.102\u0027, os.name: \u0027Windows 10\u0027, os.arch: \u0027amd64\u0027, os.version: \u002710.0\u0027, java.version: \u002711.0.4\u0027\nDriver info: org.openqa.selenium.chrome.ChromeDriver\nCapabilities {acceptInsecureCerts: false, browserName: chrome, browserVersion: 99.0.4844.51, chrome: {chromedriverVersion: 98.0.4758.102 (273bf7ac8c90..., userDataDir: C:\\Users\\ADMINI~1\\AppData\\L...}, goog:chromeOptions: {debuggerAddress: localhost:60258}, javascriptEnabled: true, networkConnectionEnabled: false, pageLoadStrategy: normal, platform: WINDOWS, platformName: WINDOWS, proxy: Proxy(), setWindowRect: true, strictFileInteractability: false, timeouts: {implicit: 0, pageLoad: 300000, script: 30000}, unhandledPromptBehavior: dismiss and notify, webauthn:extension:credBlob: true, webauthn:extension:largeBlob: true, webauthn:virtualAuthenticators: true}\nSession ID: 21f3b64182dbf9d90304f795e0d9f42a\n*** Element info: {Using\u003dxpath, value\u003d//*[@id\u003d\"regs_container\"]/div/div[2]/div/div[2]/div/div[2]/div}","stackTrace":[{"classLoaderName":"app","declaringClass":"automatizacion.tasks.Register","methodName":"performAs","fileName":"Register.java","lineNumber":18,"format":1},{"classLoaderName":"app","declaringClass":"automatizacion.stepdefinitions.RegisterStepDefinition","methodName":"ingresaTodosLasCredencialesValidas","fileName":"RegisterStepDefinition.java","lineNumber":27,"format":1},{"classLoaderName":"app","declaringClass":"cucumber.runner.Runner","methodName":"runPickle","fileName":"Runner.java","lineNumber":80,"format":1}]}}},"result":"FAILURE","precondition":false,"level":1,"lineNumber":0,"children":[{"number":6,"description":"Lucero clicks on boton que inicia el registro","duration":2267,"startTime":"2022-03-05T21:50:03.739610700-05:00[America/Bogota]","screenshots":[{"screenshot":"8a9c686b0600aba80bdd956b8f7f78e85bf7e35bca85b61372edc698c7a7fe49.png","timeStamp":1646535006007}],"result":"SUCCESS","precondition":false,"level":2,"lineNumber":0},{"number":7,"description":"Lucero enters \u0027Ana\u0027 into donde escribo el nombre del usuario","duration":2118,"startTime":"2022-03-05T21:50:06.007240100-05:00[America/Bogota]","screenshots":[{"screenshot":"6d6ee069bcc2dba93789987838ec2e9c6830933ab869da2d538056ae2b460f28.png","timeStamp":1646535008125}],"result":"SUCCESS","precondition":false,"level":2,"lineNumber":0},{"number":8,"description":"Lucero enters \u0027Gomez\u0027 into donde escribo el apellido del usuario","duration":1299,"startTime":"2022-03-05T21:50:08.125369300-05:00[America/Bogota]","screenshots":[{"screenshot":"589c2ce2f73cc15f0dcddf90006ac94d953e3ab0ce10ed0f73f4a626defc7346.png","timeStamp":1646535009425}],"result":"SUCCESS","precondition":false,"level":2,"lineNumber":0},{"number":9,"description":"Lucero enters \u0027anagomez@email.com\u0027 into donde escribo el correo electronico del usuario","duration":1273,"startTime":"2022-03-05T21:50:09.425005500-05:00[America/Bogota]","screenshots":[{"screenshot":"b6efa8dff31a88e3818c31acea720305fea730abf8f3c18c9737e5a0387daeb6.png","timeStamp":1646535010698}],"result":"SUCCESS","precondition":false,"level":2,"lineNumber":0},{"number":10,"description":"Lucero select April on donde selecciono el mes de nacimiento del usuario","duration":1428,"startTime":"2022-03-05T21:50:10.698571100-05:00[America/Bogota]","screenshots":[{"screenshot":"086b7da4c9fb95d5f99923e39eedbfa8f9c8e4d7399e9ec40c6a0a445b01a913.png","timeStamp":1646535012127}],"result":"SUCCESS","precondition":false,"level":2,"lineNumber":0},{"number":11,"description":"Lucero select 12 on donde selecciono el dia de nacimiento del usuario","duration":1114,"startTime":"2022-03-05T21:50:12.127085100-05:00[America/Bogota]","screenshots":[{"screenshot":"a11190dceceec86c1b4eda14470de46681cc0dc611a37794314dd7d90da9dec2.png","timeStamp":1646535013241}],"result":"SUCCESS","precondition":false,"level":2,"lineNumber":0},{"number":12,"description":"Lucero select 2002 on donde selecciono el aÃ±o de nacimiento del usuario","duration":1038,"startTime":"2022-03-05T21:50:13.241655200-05:00[America/Bogota]","screenshots":[{"screenshot":"a1608f8d98c61b28b3dcd638f8ff23ecbc9a075c6b39e9b06100c11ea7fc17a3.png","timeStamp":1646535014280}],"result":"SUCCESS","precondition":false,"level":2,"lineNumber":0},{"number":13,"description":"Lucero enters \u0027Armenian\u0027 into donde escribo el lenguaje del usuario","duration":2059,"startTime":"2022-03-05T21:50:14.285101-05:00[America/Bogota]","screenshots":[{"screenshot":"1ea737a2b5e404bd671f9cbec0dfb7445bb97c2af65cb075b3d0c4626c8e1e0f.png","timeStamp":1646535016344}],"result":"SUCCESS","precondition":false,"level":2,"lineNumber":0},{"number":14,"description":"Lucero clicks on boton para continuar el registro","duration":1585,"startTime":"2022-03-05T21:50:16.356030600-05:00[America/Bogota]","screenshots":[{"screenshot":"aab813e23d68a901f19e9953e4f626e05e411fc93b23f19f6e70e3025291b975.png","timeStamp":1646535017941}],"result":"SUCCESS","precondition":false,"level":2,"lineNumber":0},{"number":15,"description":"Lucero enters \u002755555\u0027 into donde escribo el codigo postal donde esta ubicado el usuario","duration":3374,"startTime":"2022-03-05T21:50:17.941219100-05:00[America/Bogota]","screenshots":[{"screenshot":"5bf82b9f78c2a4f8f9f196b092cc8384d0de8fef74b4aa657b2dfd0690b723a2.png","timeStamp":1646535021315}],"result":"SUCCESS","precondition":false,"level":2,"lineNumber":0},{"number":16,"description":"Lucero clicks on boton para continuar con el registro","duration":4306,"startTime":"2022-03-05T21:50:21.330945600-05:00[America/Bogota]","screenshots":[{"screenshot":"4034b753302b527b394af05aa2d0ae1fbd40a9e7762331f3f9eed82ff0b84a73.png","timeStamp":1646535025637}],"result":"SUCCESS","precondition":false,"level":2,"lineNumber":0},{"number":17,"description":"Lucero clicks on boton para continuar con el registro","duration":13079,"startTime":"2022-03-05T21:50:25.640923500-05:00[America/Bogota]","screenshots":[{"screenshot":"61b73c3576f1180c9e5a5faeee5e6c6017e69757cb11ae65d3d40ddef80cf971.png","htmlSource":"pagesource16104400903133245336.html.txt","timeStamp":1646535038720}],"exception":{"errorType":"net.thucydides.core.webdriver.exceptions.ElementShouldBeEnabledException","message":"Expected enabled element was not enabled","stackTrace":[{"classLoaderName":"app","declaringClass":"automatizacion.tasks.Register","methodName":"performAs","fileName":"Register.java","lineNumber":18,"format":1},{"classLoaderName":"app","declaringClass":"automatizacion.stepdefinitions.RegisterStepDefinition","methodName":"ingresaTodosLasCredencialesValidas","fileName":"RegisterStepDefinition.java","lineNumber":27,"format":1},{"classLoaderName":"app","declaringClass":"cucumber.runner.Runner","methodName":"runPickle","fileName":"Runner.java","lineNumber":80,"format":1}],"rootCause":{"errorType":"org.openqa.selenium.TimeoutException","message":"Expected condition failed: waiting for By.xpath: //*[@id\u003d\"regs_container\"]/div/div[2]/div/div[2]/div/div[2]/div to be enabled (tried for 5 second(s) with 100 milliseconds interval)","stackTrace":[{"classLoaderName":"app","declaringClass":"automatizacion.tasks.Register","methodName":"performAs","fileName":"Register.java","lineNumber":18,"format":1},{"classLoaderName":"app","declaringClass":"automatizacion.stepdefinitions.RegisterStepDefinition","methodName":"ingresaTodosLasCredencialesValidas","fileName":"RegisterStepDefinition.java","lineNumber":27,"format":1},{"classLoaderName":"app","declaringClass":"cucumber.runner.Runner","methodName":"runPickle","fileName":"Runner.java","lineNumber":80,"format":1}],"rootCause":{"errorType":"org.openqa.selenium.NoSuchElementException","message":"no such element: Unable to locate element: {\"method\":\"xpath\",\"selector\":\"//*[@id\u003d\"regs_container\"]/div/div[2]/div/div[2]/div/div[2]/div\"}\n  (Session info: chrome\u003d99.0.4844.51)\nFor documentation on this error, please visit: https://www.seleniumhq.org/exceptions/no_such_element.html\nBuild info: version: \u00273.141.59\u0027, revision: \u0027e82be7d358\u0027, time: \u00272018-11-14T08:17:03\u0027\nSystem info: host: \u0027DESKTOP-619IS6N\u0027, ip: \u0027192.168.0.102\u0027, os.name: \u0027Windows 10\u0027, os.arch: \u0027amd64\u0027, os.version: \u002710.0\u0027, java.version: \u002711.0.4\u0027\nDriver info: org.openqa.selenium.chrome.ChromeDriver\nCapabilities {acceptInsecureCerts: false, browserName: chrome, browserVersion: 99.0.4844.51, chrome: {chromedriverVersion: 98.0.4758.102 (273bf7ac8c90..., userDataDir: C:\\Users\\ADMINI~1\\AppData\\L...}, goog:chromeOptions: {debuggerAddress: localhost:60258}, javascriptEnabled: true, networkConnectionEnabled: false, pageLoadStrategy: normal, platform: WINDOWS, platformName: WINDOWS, proxy: Proxy(), setWindowRect: true, strictFileInteractability: false, timeouts: {implicit: 0, pageLoad: 300000, script: 30000}, unhandledPromptBehavior: dismiss and notify, webauthn:extension:credBlob: true, webauthn:extension:largeBlob: true, webauthn:virtualAuthenticators: true}\nSession ID: 21f3b64182dbf9d90304f795e0d9f42a\n*** Element info: {Using\u003dxpath, value\u003d//*[@id\u003d\"regs_container\"]/div/div[2]/div/div[2]/div/div[2]/div}","stackTrace":[{"classLoaderName":"app","declaringClass":"automatizacion.tasks.Register","methodName":"performAs","fileName":"Register.java","lineNumber":18,"format":1},{"classLoaderName":"app","declaringClass":"automatizacion.stepdefinitions.RegisterStepDefinition","methodName":"ingresaTodosLasCredencialesValidas","fileName":"RegisterStepDefinition.java","lineNumber":27,"format":1},{"classLoaderName":"app","declaringClass":"cucumber.runner.Runner","methodName":"runPickle","fileName":"Runner.java","lineNumber":80,"format":1}]}}},"result":"FAILURE","precondition":false,"level":2,"lineNumber":0}]}]},{"number":18,"description":"Then Lucero es un usuario registrado","duration":0,"startTime":"2022-03-05T21:50:38.874467200-05:00[America/Bogota]","result":"SKIPPED","precondition":false,"level":0,"lineNumber":0}],"userStory":{"id":"regristro-en-la-aplicación","storyName":"Regristro en la aplicación","path":"src/test/resources/features/registerUtest.feature","narrative":"    Como usuario quiero acceder a la aplicación Utest","type":"feature"},"featureTag":{"name":"Features/Regristro en la aplicación","type":"feature","displayName":"Features/Regristro en la aplicación"},"title":"Registro exitoso","tags":[{"name":"scenario1","type":"tag","displayName":"scenario1"},{"name":"Regristro en la aplicación","type":"feature","displayName":"Regristro en la aplicación"},{"name":"stories","type":"tag","displayName":"stories"}],"startTime":"2022-03-05T21:48:56.428779400-05:00[America/Bogota]","duration":102463,"testFailureCause":{"errorType":"net.thucydides.core.webdriver.exceptions.ElementShouldBeEnabledException","message":"Expected enabled element was not enabled","stackTrace":[{"classLoaderName":"app","declaringClass":"automatizacion.tasks.Register","methodName":"performAs","fileName":"Register.java","lineNumber":18,"format":1},{"classLoaderName":"app","declaringClass":"automatizacion.stepdefinitions.RegisterStepDefinition","methodName":"ingresaTodosLasCredencialesValidas","fileName":"RegisterStepDefinition.java","lineNumber":27,"format":1},{"classLoaderName":"app","declaringClass":"cucumber.runner.Runner","methodName":"runPickle","fileName":"Runner.java","lineNumber":80,"format":1}],"rootCause":{"errorType":"org.openqa.selenium.TimeoutException","message":"Expected condition failed: waiting for By.xpath: //*[@id\u003d\"regs_container\"]/div/div[2]/div/div[2]/div/div[2]/div to be enabled (tried for 5 second(s) with 100 milliseconds interval)","stackTrace":[{"classLoaderName":"app","declaringClass":"automatizacion.tasks.Register","methodName":"performAs","fileName":"Register.java","lineNumber":18,"format":1},{"classLoaderName":"app","declaringClass":"automatizacion.stepdefinitions.RegisterStepDefinition","methodName":"ingresaTodosLasCredencialesValidas","fileName":"RegisterStepDefinition.java","lineNumber":27,"format":1},{"classLoaderName":"app","declaringClass":"cucumber.runner.Runner","methodName":"runPickle","fileName":"Runner.java","lineNumber":80,"format":1}],"rootCause":{"errorType":"org.openqa.selenium.NoSuchElementException","message":"no such element: Unable to locate element: {\"method\":\"xpath\",\"selector\":\"//*[@id\u003d\"regs_container\"]/div/div[2]/div/div[2]/div/div[2]/div\"}\n  (Session info: chrome\u003d99.0.4844.51)\nFor documentation on this error, please visit: https://www.seleniumhq.org/exceptions/no_such_element.html\nBuild info: version: \u00273.141.59\u0027, revision: \u0027e82be7d358\u0027, time: \u00272018-11-14T08:17:03\u0027\nSystem info: host: \u0027DESKTOP-619IS6N\u0027, ip: \u0027192.168.0.102\u0027, os.name: \u0027Windows 10\u0027, os.arch: \u0027amd64\u0027, os.version: \u002710.0\u0027, java.version: \u002711.0.4\u0027\nDriver info: org.openqa.selenium.chrome.ChromeDriver\nCapabilities {acceptInsecureCerts: false, browserName: chrome, browserVersion: 99.0.4844.51, chrome: {chromedriverVersion: 98.0.4758.102 (273bf7ac8c90..., userDataDir: C:\\Users\\ADMINI~1\\AppData\\L...}, goog:chromeOptions: {debuggerAddress: localhost:60258}, javascriptEnabled: true, networkConnectionEnabled: false, pageLoadStrategy: normal, platform: WINDOWS, platformName: WINDOWS, proxy: Proxy(), setWindowRect: true, strictFileInteractability: false, timeouts: {implicit: 0, pageLoad: 300000, script: 30000}, unhandledPromptBehavior: dismiss and notify, webauthn:extension:credBlob: true, webauthn:extension:largeBlob: true, webauthn:virtualAuthenticators: true}\nSession ID: 21f3b64182dbf9d90304f795e0d9f42a\n*** Element info: {Using\u003dxpath, value\u003d//*[@id\u003d\"regs_container\"]/div/div[2]/div/div[2]/div/div[2]/div}","stackTrace":[{"classLoaderName":"app","declaringClass":"automatizacion.tasks.Register","methodName":"performAs","fileName":"Register.java","lineNumber":18,"format":1},{"classLoaderName":"app","declaringClass":"automatizacion.stepdefinitions.RegisterStepDefinition","methodName":"ingresaTodosLasCredencialesValidas","fileName":"RegisterStepDefinition.java","lineNumber":27,"format":1},{"classLoaderName":"app","declaringClass":"cucumber.runner.Runner","methodName":"runPickle","fileName":"Runner.java","lineNumber":80,"format":1}]}}},"testFailureClassname":"net.thucydides.core.webdriver.exceptions.ElementShouldBeEnabledException","testFailureMessage":"Expected enabled element was not enabled","testFailureSummary":"FAILURE;net.thucydides.core.webdriver.exceptions.ElementShouldBeEnabledException;Expected enabled element was not enabled;Register.java","projectKey":"","annotatedResult":"FAILURE","sessionId":"21f3b64182dbf9d90304f795e0d9f42a","driver":"chrome:lucero","isManualTestingUpToDate":false,"manual":false,"testSource":"Cucumber","actors":[{"name":"Lucero","can":["browse the web"]}],"result":"FAILURE"}